2025-05-07 13:34:57 - Group 'engineering' created.
2025-05-07 13:34:57 - User 'jdoe' created, assigned to 'engineering', home set, password policy enforced.
2025-05-07 13:34:57 - Group 'engineering' created.
2025-05-07 13:34:57 - User 'asmith' created, assigned to 'engineering', home set, password policy enforced.
2025-05-07 13:34:57 - Group 'design' created.
2025-05-07 13:34:57 - User 'mjones' created, assigned to 'design', home set, password policy enforced.
2025-05-07 13:45:43 - Group 'engineering' created.
2025-05-07 13:45:43 - User 'jdoe' created, assigned to 'engineering', home set, password policy enforced.
2025-05-07 13:45:43 - Group 'engineering' created.
2025-05-07 13:45:43 - User 'asmith' created, assigned to 'engineering', home set, password policy enforced.
2025-05-07 13:45:43 - Group 'design' created.
2025-05-07 13:45:43 - User 'mjones' created, assigned to 'design', home set, password policy enforced.
2025-05-07 14:13:29 - Group 'engineering' created.
2025-05-07 14:13:29 - User 'jdoe' created, assigned to 'engineering', home set, password policy enforced.
2025-05-07 14:13:29 - Group 'engineering' created.
2025-05-07 14:13:29 - User 'asmith' created, assigned to 'engineering', home set, password policy enforced.
2025-05-07 14:13:29 - Group 'design' created.
2025-05-07 14:13:29 - User 'mjones' created, assigned to 'design', home set, password policy enforced.
2025-05-07 14:21:03 - Group 'engineering' created with ID 703.
2025-05-07 14:21:04 - User 'jdoe' created, assigned to 'engineering', home set, password policy enforced.
2025-05-07 14:21:04 - Group 'engineering' created with ID 703.
2025-05-07 14:21:04 - User 'asmith' created, assigned to 'engineering', home set, password policy enforced.
2025-05-07 14:21:04 - Group 'design' created with ID 703.
2025-05-07 14:21:04 - User 'mjones' created, assigned to 'design', home set, password policy enforced.
2025-05-07 14:21:22 - Group 'engineering' created with ID 703.
2025-05-07 14:21:22 - User 'jdoe' created, assigned to 'engineering', home set, password policy enforced.
2025-05-07 14:21:22 - Group 'engineering' created with ID 703.
2025-05-07 14:21:22 - User 'asmith' created, assigned to 'engineering', home set, password policy enforced.
2025-05-07 14:21:22 - Group 'design' created with ID 703.
2025-05-07 14:21:22 - User 'mjones' created, assigned to 'design', home set, password policy enforced.
2025-05-07 14:22:09 - Group 'engineering' created with ID 703.
2025-05-07 14:22:10 - User 'jdoe' created, assigned to 'engineering', home set, password policy enforced.
2025-05-07 14:22:10 - User 'asmith' created, assigned to 'engineering', home set, password policy enforced.
2025-05-07 14:22:11 - Group 'design' created with ID 704.
2025-05-07 14:22:11 - User 'mjones' created, assigned to 'design', home set, password policy enforced.
2025-05-07 14:22:47 - User 'jdoe' already exists. Skipping.
2025-05-07 14:22:47 - User 'asmith' already exists. Skipping.
2025-05-07 14:22:47 - User 'mjones' already exists. Skipping.
